!#}[aSox5$q1_
!-I*BqOByy
!8v_QqxgwxL
!:Rc,hVAJM*ec
!L4E.8F3nD&)G
!V(K3_F+|c
!X?uTFSS9w)f
!apmvt$z8EG)+s
!kXO[Dm_5affB
!lGK+S[V
!u_sAyr+-q]5
!}Kgx&}h1T
#$|{yUT0s)-lt
#-a;?W{S]Bv[=*
#0M7)EUnQl,rb
#BK*iQl<
#QGi{3n5pnlp
#W[4WX43.mlc
#[G&0{q}Ha}]W
#ja;YB<y
#kYqYwl2|C^6J
$(JXv?yN
$,d<*:K?
$2WgoRYQIgb
$31oOu}K)2A+
$DbO;.Z.+
$I&X:_*2ynu
$IR28mx4,
$Na14@HXkn@
$Ozceql]LqJ2
$QUGGOBx
$RFF[BA<.[G
$Sk<:<wgiA
$gp(DhpR
$nbq-}*mWX{
%.C$c]6U+53
%;t)O4&Tq6J+
%C@;U.#Txk!{Rh
%KirgKcX
%Pk3!Kf_{R
%QBNDN=C|
%]Rw}lFUs1
%^4pt6A[aq)EY}
%hp>jA<3
%qoJfEj|W
&%,c?4*#g]
&+1wumvi
&6qI_7Uq,Uz>
&7F7(:So^6A
&<wc-M7p
&A]BT!{N
&E7!DE-to%E&lI
&Oh3,*Zl=
&_8g,_Rs
&c+LvlurVJJMI
&d,|{U)X[
&j%lAIlvJaJ5J
&qJ@X(-M<#
(#.S@cJ7?mM
($.Go388e
(&[+#N?:Hv?Y<
(-sJF?,os0l)-
(.1,Z^I2)6C*>:
(1r*!Zq-d
(2gv;Is|
(92S6Z%VnK{iPX
(@0i},<oC!;=Sk
(KcL#mOLA@h
(TH{pFvR
(_HT#C7IR
(cq&7[C]$UY
(}pAzmIlu7d
)!00yrPQQ
)%J8ZMJcpmo$@
)%e0A[>xTqN
).ow_C(cvq-
)=ky#*@o#Nx2C]
)G0;M4ThX[
)L+#DY[iH;Bd3
)cgdc7#Xj@Y
)eLAaks&nn
)kplnIn-
)lE(neB!h(
)o2VYhSc-
)vrkg&gs6nE%f
)vuIA&i3kP
*C!0(_4:EIN
*ICO*ngXcb[#
*W*-+NZzuzUI}
*X6lh;RNUg{
*YGVNUWuN)
*[XI=v)D?s
*b*J6y[|:FJPTH
*d[0GKaH8V
*m&xfoLPxAnP0
*nwsA8c[H}Io
*uYR2R,3-
*z;x!T.|o3A?4
*zLTP&ah%Ezb?:
+$&.O{K&
+$+uYr.(!9
+$:E*?UtU
+)_:]WP5AdZ
+0-Quella
+3=O)*gzsOM9_
+7}>#0[}ucE^03
+<mD4D])
+FVjn6T(
+Nb<vZ@!7|G?+C
+YqqtqE!+?%)
+][w#d$W8N&#
+c#+O4w2E6I
+d-k=CFIPxq
+kekcE*@I6
+y&y3xG>Jjn
+y2+Qe+X1-
,,)3O]+Si
,5<o(DcT
,8[1QI$w0
,=;R$p6nIRp5U
,B,3!Yg^XQ(+O
,B}mSYZu!+h=z
,QAH^*jIUZ!
,aJ(:#?$z[92i,
,fE*Wh_x@
,gr=Xcq*(B
,sa!AryF>p*?
,xEY=WWk9
,zB!iRlAGP
-+SaMb1e^B
-?Jj);8QPWhbSZ
-Gm.T7(0THN@
-cz?bu|kTp|St3
.)kvI*WLK
..KL&xTk4EO!
.1HFKw<|c^i8m
.2:HOU[G$Sh5S?
.5Fe7v&%z%T!
.9Bst9,#1hF8
.=nSyid!?:V
.?&*Wy*:<
.PeY$d>v
.RC6?,MV!whrDk
.TMOO:bE7#:
.[;CwD^^kp8=nz
.^RR{PiYuo
.cFWr$-Hzz&4E
.l00:rBOO
.m8{XWT?|k<D{[
.zbI:#Zh#&.W
0&*fXTRL*)qAV>
0&v@x4Wy?
007!0101
007!1111
007!1234
007!1990
007!1995
007!2000
007!2020
007!2023
007!4321
007!7777
007!abc123
007!admin
007!admin1
007!bella
007!berlin
007!brazil
007!buddy
007!canada
007!charlie
007!coco
007!daisy
007!david
007!elizabeth
007!germany
007!iloveyou
007!india
007!james
007!jennifer
007!john
007!linda
007!london
007!lucy
007!luna
007!mary
007!max
007!michael
007!milo
007!newyork
007!paris
007!pass123
007!password
007!qwerty
007!robert
007!rocky
007!russia
007!susan
007!tokyo
007!user
007!username
007!welcome
007#0101
007#1111
007#1234
007#1990
007#1995
007#2000
007#2020
007#2023
007#4321
007#7777
007#abc123
007#admin
007#admin1
007#bella
007#berlin
007#brazil
007#buddy
007#canada
007#charlie
007#coco
007#daisy
007#david
007#elizabeth
007#germany
007#iloveyou
007#india
007#james
007#jennifer
007#john
007#linda
007#london
007#lucy
007#luna
007#mary
007#max
007#michael
007#milo
007#newyork
007#paris
007#pass123
007#password
007#qwerty
007#robert
007#rocky
007#russia
007#susan
007#tokyo
007#user
007#username
007#welcome
007$0101
007$1111
007$1234
007$1990
007$1995
007$2000
007$2020
007$2023
007$4321
007$7777
007$abc123
007$admin
007$admin1
007$bella
007$berlin
007$brazil
007$buddy
007$canada
007$charlie
007$coco
007$daisy
007$david
007$elizabeth
007$germany
007$iloveyou
007$india
007$james
007$jennifer
007$john
007$linda
007$london
007$lucy
007$luna
007$mary
007$max
007$michael
007$milo
007$newyork
007$paris
007$pass123
007$password
007$qwerty
007$robert
007$rocky
007$russia
007$susan
007$tokyo
007$user
007$username
007$welcome
007%0101
007%1111
007%1234
007%1990
007%1995
007%2000
007%2020
007%2023
007%4321
007%7777
007%abc123
007%admin
007%admin1
007%bella
007%berlin
007%brazil
007%buddy
007%canada
007%charlie
007%coco
007%daisy
007%david
007%elizabeth
007%germany
007%iloveyou
007%india
007%james
007%jennifer
007%john
007%linda
007%london
007%lucy
007%luna
007%mary
007%max
007%michael
007%milo
007%newyork
007%paris
007%pass123
007%password
007%qwerty
007%robert
007%rocky
007%russia
007%susan
007%tokyo
007%user
007%username
007%welcome
007&0101
007&1111
007&1234
007&1990
007&1995
007&2000
007&2020
007&2023
007&4321
007&7777
007&abc123
007&admin
007&admin1
007&bella
007&berlin
007&brazil
007&buddy
007&canada
007&charlie
007&coco
007&daisy
007&david
007&elizabeth
007&germany
007&iloveyou
007&india
007&james
007&jennifer
007&john
007&linda
007&london
007&lucy
007&luna
007&mary
007&max
007&michael
007&milo
007&newyork
007&paris
007&pass123
007&password
007&qwerty
007&robert
007&rocky
007&russia
007&susan
007&tokyo
007&user
007&username
007&welcome
007*0101
007*1111
007*1234
007*1990
007*1995
007*2000
007*2020
007*2023
007*4321
007*7777
007*abc123
007*admin
007*admin1
007*bella
007*berlin
007*brazil
007*buddy
007*canada
007*charlie
007*coco
007*daisy
007*david
007*elizabeth
007*germany
007*iloveyou
007*india
007*james
007*jennifer
007*john
007*linda
007*london
007*lucy
007*luna
007*mary
007*max
007*michael
007*milo
007*newyork
007*paris
007*pass123
007*password
007*qwerty
007*robert
007*rocky
007*russia
007*susan
007*tokyo
007*user
007*username
007*welcome
0070101
0071111
0071234
0071990
0071995
0072000
0072020
0072023
0074321
0077777
007@0101
007@1111
007@1234
007@1990
007@1995
007@2000
007@2020
007@2023
007@4321
007@7777
007@abc123
007@admin
007@admin1
007@bella
007@berlin
007@brazil
007@buddy
007@canada
007@charlie
007@coco
007@daisy
007@david
007@elizabeth
007@germany
007@iloveyou
007@india
007@james
007@jennifer
007@john
007@linda
007@london
007@lucy
007@luna
007@mary
007@max
007@michael
007@milo
007@newyork
007@paris
007@pass123
007@password
007@qwerty
007@robert
007@rocky
007@russia
007@susan
007@tokyo
007@user
007@username
007@welcome
007abc123
007admin
007admin1
007bella
007berlin
007brazil
007buddy
007canada
007charlie
007coco
007daisy
007david
007elizabeth
007germany
007iloveyou
007india
007james
007jennifer
007john
007linda
007london
007lucy
007luna
007mary
007max
007michael
007milo
007newyork
007paris
007pass123
007password
007qwerty
007robert
007rocky
007russia
007susan
007tokyo
007user
007username
007welcome
00ogUB5$WcR6
0101!007
0101!111
0101!123
0101!2024
0101!321
0101!666
0101!999
0101#007
0101#111
0101#123
0101#2024
0101#321
0101#666
0101#999
0101$007
0101$111
0101$123
0101$2024
0101$321
0101$666
0101$999
0101%007
0101%111
0101%123
0101%2024
0101%321
0101%666
0101%999
0101&007
0101&111
0101&123
0101&2024
0101&321
0101&666
0101&999
0101*007
0101*111
0101*123
0101*2024
0101*321
0101*666
0101*999
0101007
0101111
0101123
01011990
01011995
01012000
01012020
01012023
01012024
0101321
0101666
0101999
0101@007
0101@111
0101@123
0101@2024
0101@321
0101@666
0101@999
01aewU
02l?#3H}Uw*|Oh
03p&8-CJ
044NtBzCNbm3
0J([[df.r?m
0MRl:mGspp
0PIcJIx491
0PXcxe53
0Penminded2
0Pertunitie$
0Ph77ui799
0Pierre0
0Pportunity
0PuzFGS498
0PvG7et212
0Q7cHxH748
0Q9Er6z525
0QkwufB4
0QviSkS343
0Qwerty9
0UKW*T>}rFs+f
0ir#g98Ti(
0penSesa
0pkp22D6
0pro813mO
0pwwKnA933
0qI4CFHu
0qfzFrZ7
0qkXnU9884
0qprt#;Idn
101BSJ6|KgQru}
111!0101
111!1111
111!1234
111!1990
111!1995
111!2000
111!2020
111!2023
111!4321
111!7777
111!abc123
111!admin
111!admin1
111!bella
111!berlin
111!brazil
111!buddy
111!canada
111!charlie
111!coco
111!daisy
111!david
111!elizabeth
111!germany
111!iloveyou
111!india
111!james
111!jennifer
111!john
111!linda
111!london
111!lucy
111!luna
111!mary
111!max
111!michael
111!milo
111!newyork
111!paris
111!pass123
111!password
111!qwerty
111!robert
111!rocky
111!russia
111!susan
111!tokyo
111!user
111!username
111!welcome
111#0101
111#1111
111#1234
111#1990
111#1995
111#2000
111#2020
111#2023
111#4321
111#7777
111#abc123
111#admin
111#admin1
111#bella
111#berlin
111#brazil
111#buddy
111#canada
111#charlie
111#coco
111#daisy
111#david
111#elizabeth
111#germany
111#iloveyou
111#india
111#james
111#jennifer
111#john
111#linda
111#london
111#lucy
111#luna
111#mary
111#max
111#michael
111#milo
111#newyork
111#paris
111#pass123
111#password
111#qwerty
111#robert
111#rocky
111#russia
111#susan
111#tokyo
111#user
111#username
111#welcome
111$0101
111$1111
111$1234
111$1990
111$1995
111$2000
111$2020
111$2023
111$4321
111$7777
111$abc123
111$admin
111$admin1
111$bella
111$berlin
111$brazil
111$buddy
111$canada
111$charlie
111$coco
111$daisy
111$david
111$elizabeth
111$germany
111$iloveyou
111$india
111$james
111$jennifer
111$john
111$linda
111$london
111$lucy
111$luna
111$mary
111$max
111$michael
111$milo
111$newyork
111$paris
111$pass123
111$password
111$qwerty
111$robert
111$rocky
111$russia
111$susan
111$tokyo
111$user
111$username
111$welcome
111%0101
111%1111
111%1234
111%1990
111%1995
111%2000
111%2020
111%2023
111%4321
111%7777
111%abc123
111%admin
111%admin1
111%bella
111%berlin
111%brazil
111%buddy
111%canada
111%charlie
111%coco
111%daisy
111%david
111%elizabeth
111%germany
111%iloveyou
111%india
111%james
111%jennifer
111%john
111%linda
111%london
111%lucy
111%luna
111%mary
111%max
111%michael
111%milo
111%newyork
111%paris
111%pass123
111%password
111%qwerty
111%robert
111%rocky
111%russia
111%susan
111%tokyo
111%user
111%username
111%welcome
111&0101
111&1111
111&1234
111&1990
111&1995
111&2000
111&2020
111&2023
111&4321
111&7777
111&abc123
111&admin
111&admin1
111&bella
111&berlin
111&brazil
111&buddy
111&canada
111&charlie
111&coco
111&daisy
111&david
111&elizabeth
111&germany
111&iloveyou
111&india
111&james
111&jennifer
111&john
111&linda
111&london
111&lucy
111&luna
111&mary
111&max
111&michael
111&milo
111&newyork
111&paris
111&pass123
111&password
111&qwerty
111&robert
111&rocky
111&russia
111&susan
111&tokyo
111&user
111&username
111&welcome
111*0101
111*1111
111*1234
111*1990
111*1995
111*2000
111*2020
111*2023
111*4321
111*7777
111*abc123
111*admin
111*admin1
111*bella
111*berlin
111*brazil
111*buddy
111*canada
111*charlie
111*coco
111*daisy
111*david
111*elizabeth
111*germany
111*iloveyou
111*india
111*james
111*jennifer
111*john
111*linda
111*london
111*lucy
111*luna
111*mary
111*max
111*michael
111*milo
111*newyork
111*paris
111*pass123
111*password
111*qwerty
111*robert
111*rocky
111*russia
111*susan
111*tokyo
111*user
111*username
111*welcome
1110101
1111!007
1111!111
1111!123
1111!2024
1111!321
1111!666
1111!999
1111#007
1111#111
1111#123
1111#2024
1111#321
1111#666
1111#999
1111$007
1111$111
1111$123
1111$2024
1111$321
1111$666
1111$999
1111%007
1111%111
1111%123
1111%2024
1111%321
1111%666
1111%999
1111&007
1111&111
1111&123
1111&2024
1111&321
1111&666
1111&999
1111*007
1111*111
1111*123
1111*2024
1111*321
1111*666
1111*999
1111007
1111111
1111123
11111990
11111995
11112000
11112020
11112023
11112024
1111234
1111321
1111666